<?xml version="1.0" encoding="UTF-8"?>
<!-- Generated by org.testng.reporters.JUnitReportReporter -->
<testsuite hostname="sys" name="testCases.ClassA" tests="1" failures="0" timestamp="10 Mar 2017 17:21:48 GMT" time="0.016" errors="0">
  <testcase name="test1" time="0.016" classname="testCases.ClassA"/>
</testsuite> <!-- testCases.ClassA -->
